Cocoa
Cocoa
Cocoa
Coffee
Cocoa
Coffee
Cocoa
Coffee
Cocoa
Cocoa
Coffee
Tea
Jowar(Sorgham)
Maize
Navane
Paddy(Dhan)
Rice
Sajje
Soji
Wheat
Mahua
Myrobolan
Tobacco
Almond(Badam)
Cashewnuts
Walnut
Cotton
Jute
Lint
Sunhemp
Anthorium
Astera
BOP
Chrysanthemum(Loose)
Chrysanthemum
Cornation
Daila(Chandni)
Delha
Jaffri
Jarbara
Jasmine
Kakada
Kankambra
Lilly
Lotus
Marget
Marygold(Calcutta)
Marygold(loose)
Orchid
Raibel
Rose(Local)
Rose(Loose)
Rose(Tata)
Antawala
Bamboo
Broomstick
Cane
Firewood
Jute
Resinwood
Soapnut
Torchwood
Wood
Apple
Cocoa
Cocoa
Coffee
Cocoa
Cocoa
Coffee
Cocoa
Coffee
